[2023-09-03 01:15:12] local.ERROR: SQLSTATE[HY000] [1049] Unknown database 'koan_saferinputssd' (SQL: select count(*) as aggregate from `pests_disease_weed` where (`name` like %thri% or `type` like %thri% or `scientific_name` like %thri% or `description_pest` like %thri% or `description_impact` like %thri% or `references` like %thri%)) {"exception":"[object] (Illuminate\\Database\\QueryException(code: 1049): SQLSTATE[HY000] [1049] Unknown database 'koan_saferinputssd' (SQL: select count(*) as aggregate from `pests_disease_weed` where (`name` like %thri% or `type` like %thri% or `scientific_name` like %thri% or `description_pest` like %thri% or `description_impact` like %thri% or `references` like %thri%)) at C:\\Projects\\htdocs\\mto\\saferinputs\\saferinputs-api\\vendor\\laravel\\framework\\src\\Illuminate\\Database\\Connection.php:671)
[stacktrace]
#0 C:\\Projects\\htdocs\\mto\\saferinputs\\saferinputs-api\\vendor\\laravel\\framework\\src\\Illuminate\\Database\\Connection.php(631): Illuminate\\Database\\Connection->runQueryCallback('select count(*)...', Array, Object(Closure))
#1 C:\\Projects\\htdocs\\mto\\saferinputs\\saferinputs-api\\vendor\\laravel\\framework\\src\\Illuminate\\Database\\Connection.php(339): Illuminate\\Database\\Connection->run('select count(*)...', Array, Object(Closure))
#2 C:\\Projects\\htdocs\\mto\\saferinputs\\saferinputs-api\\vendor\\laravel\\framework\\src\\Illuminate\\Database\\Query\\Builder.php(2178): Illuminate\\Database\\Connection->select('select count(*)...', Array, true)
#3 C:\\Projects\\htdocs\\mto\\saferinputs\\saferinputs-api\\vendor\\laravel\\framework\\src\\Illuminate\\Database\\Query\\Builder.php(2166): Illuminate\\Database\\Query\\Builder->runSelect()
#4 C:\\Projects\\htdocs\\mto\\saferinputs\\saferinputs-api\\vendor\\laravel\\framework\\src\\Illuminate\\Database\\Query\\Builder.php(2638): Illuminate\\Database\\Query\\Builder->Illuminate\\Database\\Query\\{closure}()
#5 C:\\Projects\\htdocs\\mto\\saferinputs\\saferinputs-api\\vendor\\laravel\\framework\\src\\Illuminate\\Database\\Query\\Builder.php(2167): Illuminate\\Database\\Query\\Builder->onceWithColumns(Array, Object(Closure))
#6 C:\\Projects\\htdocs\\mto\\saferinputs\\saferinputs-api\\vendor\\laravel\\framework\\src\\Illuminate\\Database\\Query\\Builder.php(2265): Illuminate\\Database\\Query\\Builder->get()
#7 C:\\Projects\\htdocs\\mto\\saferinputs\\saferinputs-api\\vendor\\laravel\\framework\\src\\Illuminate\\Database\\Query\\Builder.php(2236): Illuminate\\Database\\Query\\Builder->runPaginationCountQuery(Array)
#8 C:\\Projects\\htdocs\\mto\\saferinputs\\saferinputs-api\\vendor\\laravel\\framework\\src\\Illuminate\\Database\\Eloquent\\Builder.php(722): Illuminate\\Database\\Query\\Builder->getCountForPagination()
#9 C:\\Projects\\htdocs\\mto\\saferinputs\\saferinputs-api\\app\\Repositories\\PestsDiseaseWeedRepositoryMySqlImpl.php(339): Illuminate\\Database\\Eloquent\\Builder->paginate('18')
#10 C:\\Projects\\htdocs\\mto\\saferinputs\\saferinputs-api\\app\\Services\\PestsDiseaseWeedService.php(90): App\\Repositories\\PestsDiseaseWeedRepositoryMySqlImpl->summaryNames(Array)
#11 C:\\Projects\\htdocs\\mto\\saferinputs\\saferinputs-api\\app\\Http\\Controllers\\PestsDiseaseWeedController.php(267): App\\Services\\PestsDiseaseWeedService->summaryNames(Object(Illuminate\\Http\\Request))
#12 [internal function]: App\\Http\\Controllers\\PestsDiseaseWeedController->summaryNames(Object(Illuminate\\Http\\Request), 'thri')
#13 C:\\Projects\\htdocs\\mto\\saferinputs\\saferinputs-api\\vendor\\laravel\\framework\\src\\Illuminate\\Routing\\Controller.php(54): call_user_func_array(Array, Array)
#14 C:\\Projects\\htdocs\\mto\\saferinputs\\saferinputs-api\\vendor\\laravel\\framework\\src\\Illuminate\\Routing\\ControllerDispatcher.php(45): Illuminate\\Routing\\Controller->callAction('summaryNames', Array)
#15 C:\\Projects\\htdocs\\mto\\saferinputs\\saferinputs-api\\vendor\\laravel\\framework\\src\\Illuminate\\Routing\\Route.php(225): Illuminate\\Routing\\ControllerDispatcher->dispatch(Object(Illuminate\\Routing\\Route), Object(App\\Http\\Controllers\\PestsDiseaseWeedController), 'summaryNames')
#16 C:\\Projects\\htdocs\\mto\\saferinputs\\saferinputs-api\\vendor\\laravel\\framework\\src\\Illuminate\\Routing\\Route.php(182): Illuminate\\Routing\\Route->runController()
#17 C:\\Projects\\htdocs\\mto\\saferinputs\\saferinputs-api\\vendor\\laravel\\framework\\src\\Illuminate\\Routing\\Router.php(685): Illuminate\\Routing\\Route->run()
#18 C:\\Projects\\htdocs\\mto\\saferinputs\\saferinputs-api\\vendor\\laravel\\framework\\src\\Illuminate\\Pipeline\\Pipeline.php(128): Illuminate\\Routing\\Router->Illuminate\\Routing\\{closure}(Object(Illuminate\\Http\\Request))
#19 C:\\Projects\\htdocs\\mto\\saferinputs\\saferinputs-api\\vendor\\fruitcake\\laravel-cors\\src\\HandleCors.php(36): Illuminate\\Pipeline\\Pipeline->Illuminate\\Pipeline\\{closure}(Object(Illuminate\\Http\\Request))
#20 C:\\Projects\\htdocs\\mto\\saferinputs\\saferinputs-api\\vendor\\laravel\\framework\\src\\Illuminate\\Pipeline\\Pipeline.php(167): Fruitcake\\Cors\\HandleCors->handle(Object(Illuminate\\Http\\Request), Object(Closure))
#21 C:\\Projects\\htdocs\\mto\\saferinputs\\saferinputs-api\\vendor\\laravel\\framework\\src\\Illuminate\\Routing\\Middleware\\SubstituteBindings.php(41): Illuminate\\Pipeline\\Pipeline->Illuminate\\Pipeline\\{closure}(Object(Illuminate\\Http\\Request))
#22 C:\\Projects\\htdocs\\mto\\saferinputs\\saferinputs-api\\vendor\\laravel\\framework\\src\\Illuminate\\Pipeline\\Pipeline.php(167): Illuminate\\Routing\\Middleware\\SubstituteBindings->handle(Object(Illuminate\\Http\\Request), Object(Closure))
#23 C:\\Projects\\htdocs\\mto\\saferinputs\\saferinputs-api\\vendor\\laravel\\framework\\src\\Illuminate\\Routing\\Middleware\\ThrottleRequests.php(59): Illuminate\\Pipeline\\Pipeline->Illuminate\\Pipeline\\{closure}(Object(Illuminate\\Http\\Request))
#24 C:\\Projects\\htdocs\\mto\\saferinputs\\saferinputs-api\\vendor\\laravel\\framework\\src\\Illuminate\\Pipeline\\Pipeline.php(167): Illuminate\\Routing\\Middleware\\ThrottleRequests->handle(Object(Illuminate\\Http\\Request), Object(Closure), 180, '1')
#25 C:\\Projects\\htdocs\\mto\\saferinputs\\saferinputs-api\\app\\Http\\Middleware\\Json.php(42): Illuminate\\Pipeline\\Pipeline->Illuminate\\Pipeline\\{closure}(Object(Illuminate\\Http\\Request))
#26 C:\\Projects\\htdocs\\mto\\saferinputs\\saferinputs-api\\vendor\\laravel\\framework\\src\\Illuminate\\Pipeline\\Pipeline.php(167): App\\Http\\Middleware\\Json->handle(Object(Illuminate\\Http\\Request), Object(Closure))
#27 C:\\Projects\\htdocs\\mto\\saferinputs\\saferinputs-api\\vendor\\laravel\\framework\\src\\Illuminate\\Pipeline\\Pipeline.php(103): Illuminate\\Pipeline\\Pipeline->Illuminate\\Pipeline\\{closure}(Object(Illuminate\\Http\\Request))
#28 C:\\Projects\\htdocs\\mto\\saferinputs\\saferinputs-api\\vendor\\laravel\\framework\\src\\Illuminate\\Routing\\Router.php(687): Illuminate\\Pipeline\\Pipeline->then(Object(Closure))
#29 C:\\Projects\\htdocs\\mto\\saferinputs\\saferinputs-api\\vendor\\laravel\\framework\\src\\Illuminate\\Routing\\Router.php(662): Illuminate\\Routing\\Router->runRouteWithinStack(Object(Illuminate\\Routing\\Route), Object(Illuminate\\Http\\Request))
#30 C:\\Projects\\htdocs\\mto\\saferinputs\\saferinputs-api\\vendor\\laravel\\framework\\src\\Illuminate\\Routing\\Router.php(628): Illuminate\\Routing\\Router->runRoute(Object(Illuminate\\Http\\Request), Object(Illuminate\\Routing\\Route))
#31 C:\\Projects\\htdocs\\mto\\saferinputs\\saferinputs-api\\vendor\\laravel\\framework\\src\\Illuminate\\Routing\\Router.php(617): Illuminate\\Routing\\Router->dispatchToRoute(Object(Illuminate\\Http\\Request))
#32 C:\\Projects\\htdocs\\mto\\saferinputs\\saferinputs-api\\vendor\\laravel\\framework\\src\\Illuminate\\Foundation\\Http\\Kernel.php(165): Illuminate\\Routing\\Router->dispatch(Object(Illuminate\\Http\\Request))
#33 C:\\Projects\\htdocs\\mto\\saferinputs\\saferinputs-api\\vendor\\laravel\\framework\\src\\Illuminate\\Pipeline\\Pipeline.php(128): Illuminate\\Foundation\\Http\\Kernel->Illuminate\\Foundation\\Http\\{closure}(Object(Illuminate\\Http\\Request))
#34 C:\\Projects\\htdocs\\mto\\saferinputs\\saferinputs-api\\vendor\\laravel\\framework\\src\\Illuminate\\Foundation\\Http\\Middleware\\TransformsRequest.php(21): Illuminate\\Pipeline\\Pipeline->Illuminate\\Pipeline\\{closure}(Object(Illuminate\\Http\\Request))
#35 C:\\Projects\\htdocs\\mto\\saferinputs\\saferinputs-api\\vendor\\laravel\\framework\\src\\Illuminate\\Pipeline\\Pipeline.php(167): Illuminate\\Foundation\\Http\\Middleware\\TransformsRequest->handle(Object(Illuminate\\Http\\Request), Object(Closure))
#36 C:\\Projects\\htdocs\\mto\\saferinputs\\saferinputs-api\\vendor\\laravel\\framework\\src\\Illuminate\\Foundation\\Http\\Middleware\\TransformsRequest.php(21): Illuminate\\Pipeline\\Pipeline->Illuminate\\Pipeline\\{closure}(Object(Illuminate\\Http\\Request))
#37 C:\\Projects\\htdocs\\mto\\saferinputs\\saferinputs-api\\vendor\\laravel\\framework\\src\\Illuminate\\Pipeline\\Pipeline.php(167): Illuminate\\Foundation\\Http\\Middleware\\TransformsRequest->handle(Object(Illuminate\\Http\\Request), Object(Closure))
#38 C:\\Projects\\htdocs\\mto\\saferinputs\\saferinputs-api\\vendor\\laravel\\framework\\src\\Illuminate\\Foundation\\Http\\Middleware\\ValidatePostSize.php(27): Illuminate\\Pipeline\\Pipeline->Illuminate\\Pipeline\\{closure}(Object(Illuminate\\Http\\Request))
#39 C:\\Projects\\htdocs\\mto\\saferinputs\\saferinputs-api\\vendor\\laravel\\framework\\src\\Illuminate\\Pipeline\\Pipeline.php(167): Illuminate\\Foundation\\Http\\Middleware\\ValidatePostSize->handle(Object(Illuminate\\Http\\Request), Object(Closure))
#40 C:\\Projects\\htdocs\\mto\\saferinputs\\saferinputs-api\\vendor\\laravel\\framework\\src\\Illuminate\\Foundation\\Http\\Middleware\\CheckForMaintenanceMode.php(63): Illuminate\\Pipeline\\Pipeline->Illuminate\\Pipeline\\{closure}(Object(Illuminate\\Http\\Request))
#41 C:\\Projects\\htdocs\\mto\\saferinputs\\saferinputs-api\\vendor\\laravel\\framework\\src\\Illuminate\\Pipeline\\Pipeline.php(167): Illuminate\\Foundation\\Http\\Middleware\\CheckForMaintenanceMode->handle(Object(Illuminate\\Http\\Request), Object(Closure))
#42 C:\\Projects\\htdocs\\mto\\saferinputs\\saferinputs-api\\vendor\\fruitcake\\laravel-cors\\src\\HandleCors.php(36): Illuminate\\Pipeline\\Pipeline->Illuminate\\Pipeline\\{closure}(Object(Illuminate\\Http\\Request))
#43 C:\\Projects\\htdocs\\mto\\saferinputs\\saferinputs-api\\vendor\\laravel\\framework\\src\\Illuminate\\Pipeline\\Pipeline.php(167): Fruitcake\\Cors\\HandleCors->handle(Object(Illuminate\\Http\\Request), Object(Closure))
#44 C:\\Projects\\htdocs\\mto\\saferinputs\\saferinputs-api\\vendor\\fideloper\\proxy\\src\\TrustProxies.php(57): Illuminate\\Pipeline\\Pipeline->Illuminate\\Pipeline\\{closure}(Object(Illuminate\\Http\\Request))
#45 C:\\Projects\\htdocs\\mto\\saferinputs\\saferinputs-api\\vendor\\laravel\\framework\\src\\Illuminate\\Pipeline\\Pipeline.php(167): Fideloper\\Proxy\\TrustProxies->handle(Object(Illuminate\\Http\\Request), Object(Closure))
#46 C:\\Projects\\htdocs\\mto\\saferinputs\\saferinputs-api\\vendor\\laravel\\framework\\src\\Illuminate\\Pipeline\\Pipeline.php(103): Illuminate\\Pipeline\\Pipeline->Illuminate\\Pipeline\\{closure}(Object(Illuminate\\Http\\Request))
#47 C:\\Projects\\htdocs\\mto\\saferinputs\\saferinputs-api\\vendor\\laravel\\framework\\src\\Illuminate\\Foundation\\Http\\Kernel.php(140): Illuminate\\Pipeline\\Pipeline->then(Object(Closure))
#48 C:\\Projects\\htdocs\\mto\\saferinputs\\saferinputs-api\\vendor\\laravel\\framework\\src\\Illuminate\\Foundation\\Http\\Kernel.php(109): Illuminate\\Foundation\\Http\\Kernel->sendRequestThroughRouter(Object(Illuminate\\Http\\Request))
#49 C:\\Projects\\htdocs\\mto\\saferinputs\\saferinputs-api\\public\\index.php(61): Illuminate\\Foundation\\Http\\Kernel->handle(Object(Illuminate\\Http\\Request))
#50 C:\\Projects\\htdocs\\mto\\saferinputs\\saferinputs-api\\server.php(20): require_once('C:\\\\Projects\\\\htd...')
#51 {main}

[previous exception] [object] (Doctrine\\DBAL\\Driver\\PDOException(code: 1049): SQLSTATE[HY000] [1049] Unknown database 'koan_saferinputssd' at C:\\Projects\\htdocs\\mto\\saferinputs\\saferinputs-api\\vendor\\doctrine\\dbal\\lib\\Doctrine\\DBAL\\Driver\\PDOConnection.php:31)
[stacktrace]
#0 C:\\Projects\\htdocs\\mto\\saferinputs\\saferinputs-api\\vendor\\laravel\\framework\\src\\Illuminate\\Database\\Connectors\\Connector.php(67): Doctrine\\DBAL\\Driver\\PDOConnection->__construct('mysql:host=127....', 'root', '', Array)
#1 C:\\Projects\\htdocs\\mto\\saferinputs\\saferinputs-api\\vendor\\laravel\\framework\\src\\Illuminate\\Database\\Connectors\\Connector.php(46): Illuminate\\Database\\Connectors\\Connector->createPdoConnection('mysql:host=127....', 'root', '', Array)
#2 C:\\Projects\\htdocs\\mto\\saferinputs\\saferinputs-api\\vendor\\laravel\\framework\\src\\Illuminate\\Database\\Connectors\\MySqlConnector.php(24): Illuminate\\Database\\Connectors\\Connector->createConnection('mysql:host=127....', Array, Array)
#3 C:\\Projects\\htdocs\\mto\\saferinputs\\saferinputs-api\\vendor\\laravel\\framework\\src\\Illuminate\\Database\\Connectors\\ConnectionFactory.php(182): Illuminate\\Database\\Connectors\\MySqlConnector->connect(Array)
#4 [internal function]: Illuminate\\Database\\Connectors\\ConnectionFactory->Illuminate\\Database\\Connectors\\{closure}()
#5 C:\\Projects\\htdocs\\mto\\saferinputs\\saferinputs-api\\vendor\\laravel\\framework\\src\\Illuminate\\Database\\Connection.php(926): call_user_func(Object(Closure))
#6 C:\\Projects\\htdocs\\mto\\saferinputs\\saferinputs-api\\vendor\\laravel\\framework\\src\\Illuminate\\Database\\Connection.php(961): Illuminate\\Database\\Connection->getPdo()
#7 C:\\Projects\\htdocs\\mto\\saferinputs\\saferinputs-api\\vendor\\laravel\\framework\\src\\Illuminate\\Database\\Connection.php(405): Illuminate\\Database\\Connection->getReadPdo()
#8 C:\\Projects\\htdocs\\mto\\saferinputs\\saferinputs-api\\vendor\\laravel\\framework\\src\\Illuminate\\Database\\Connection.php(331): Illuminate\\Database\\Connection->getPdoForSelect(true)
#9 C:\\Projects\\htdocs\\mto\\saferinputs\\saferinputs-api\\vendor\\laravel\\framework\\src\\Illuminate\\Database\\Connection.php(664): Illuminate\\Database\\Connection->Illuminate\\Database\\{closure}('select count(*)...', Array)
#10 C:\\Projects\\htdocs\\mto\\saferinputs\\saferinputs-api\\vendor\\laravel\\framework\\src\\Illuminate\\Database\\Connection.php(631): Illuminate\\Database\\Connection->runQueryCallback('select count(*)...', Array, Object(Closure))
#11 C:\\Projects\\htdocs\\mto\\saferinputs\\saferinputs-api\\vendor\\laravel\\framework\\src\\Illuminate\\Database\\Connection.php(339): Illuminate\\Database\\Connection->run('select count(*)...', Array, Object(Closure))
#12 C:\\Projects\\htdocs\\mto\\saferinputs\\saferinputs-api\\vendor\\laravel\\framework\\src\\Illuminate\\Database\\Query\\Builder.php(2178): Illuminate\\Database\\Connection->select('select count(*)...', Array, true)
#13 C:\\Projects\\htdocs\\mto\\saferinputs\\saferinputs-api\\vendor\\laravel\\framework\\src\\Illuminate\\Database\\Query\\Builder.php(2166): Illuminate\\Database\\Query\\Builder->runSelect()
#14 C:\\Projects\\htdocs\\mto\\saferinputs\\saferinputs-api\\vendor\\laravel\\framework\\src\\Illuminate\\Database\\Query\\Builder.php(2638): Illuminate\\Database\\Query\\Builder->Illuminate\\Database\\Query\\{closure}()
#15 C:\\Projects\\htdocs\\mto\\saferinputs\\saferinputs-api\\vendor\\laravel\\framework\\src\\Illuminate\\Database\\Query\\Builder.php(2167): Illuminate\\Database\\Query\\Builder->onceWithColumns(Array, Object(Closure))
#16 C:\\Projects\\htdocs\\mto\\saferinputs\\saferinputs-api\\vendor\\laravel\\framework\\src\\Illuminate\\Database\\Query\\Builder.php(2265): Illuminate\\Database\\Query\\Builder->get()
#17 C:\\Projects\\htdocs\\mto\\saferinputs\\saferinputs-api\\vendor\\laravel\\framework\\src\\Illuminate\\Database\\Query\\Builder.php(2236): Illuminate\\Database\\Query\\Builder->runPaginationCountQuery(Array)
#18 C:\\Projects\\htdocs\\mto\\saferinputs\\saferinputs-api\\vendor\\laravel\\framework\\src\\Illuminate\\Database\\Eloquent\\Builder.php(722): Illuminate\\Database\\Query\\Builder->getCountForPagination()
#19 C:\\Projects\\htdocs\\mto\\saferinputs\\saferinputs-api\\app\\Repositories\\PestsDiseaseWeedRepositoryMySqlImpl.php(339): Illuminate\\Database\\Eloquent\\Builder->paginate('18')
#20 C:\\Projects\\htdocs\\mto\\saferinputs\\saferinputs-api\\app\\Services\\PestsDiseaseWeedService.php(90): App\\Repositories\\PestsDiseaseWeedRepositoryMySqlImpl->summaryNames(Array)
#21 C:\\Projects\\htdocs\\mto\\saferinputs\\saferinputs-api\\app\\Http\\Controllers\\PestsDiseaseWeedController.php(267): App\\Services\\PestsDiseaseWeedService->summaryNames(Object(Illuminate\\Http\\Request))
#22 [internal function]: App\\Http\\Controllers\\PestsDiseaseWeedController->summaryNames(Object(Illuminate\\Http\\Request), 'thri')
#23 C:\\Projects\\htdocs\\mto\\saferinputs\\saferinputs-api\\vendor\\laravel\\framework\\src\\Illuminate\\Routing\\Controller.php(54): call_user_func_array(Array, Array)
#24 C:\\Projects\\htdocs\\mto\\saferinputs\\saferinputs-api\\vendor\\laravel\\framework\\src\\Illuminate\\Routing\\ControllerDispatcher.php(45): Illuminate\\Routing\\Controller->callAction('summaryNames', Array)
#25 C:\\Projects\\htdocs\\mto\\saferinputs\\saferinputs-api\\vendor\\laravel\\framework\\src\\Illuminate\\Routing\\Route.php(225): Illuminate\\Routing\\ControllerDispatcher->dispatch(Object(Illuminate\\Routing\\Route), Object(App\\Http\\Controllers\\PestsDiseaseWeedController), 'summaryNames')
#26 C:\\Projects\\htdocs\\mto\\saferinputs\\saferinputs-api\\vendor\\laravel\\framework\\src\\Illuminate\\Routing\\Route.php(182): Illuminate\\Routing\\Route->runController()
#27 C:\\Projects\\htdocs\\mto\\saferinputs\\saferinputs-api\\vendor\\laravel\\framework\\src\\Illuminate\\Routing\\Router.php(685): Illuminate\\Routing\\Route->run()
#28 C:\\Projects\\htdocs\\mto\\saferinputs\\saferinputs-api\\vendor\\laravel\\framework\\src\\Illuminate\\Pipeline\\Pipeline.php(128): Illuminate\\Routing\\Router->Illuminate\\Routing\\{closure}(Object(Illuminate\\Http\\Request))
#29 C:\\Projects\\htdocs\\mto\\saferinputs\\saferinputs-api\\vendor\\fruitcake\\laravel-cors\\src\\HandleCors.php(36): Illuminate\\Pipeline\\Pipeline->Illuminate\\Pipeline\\{closure}(Object(Illuminate\\Http\\Request))
#30 C:\\Projects\\htdocs\\mto\\saferinputs\\saferinputs-api\\vendor\\laravel\\framework\\src\\Illuminate\\Pipeline\\Pipeline.php(167): Fruitcake\\Cors\\HandleCors->handle(Object(Illuminate\\Http\\Request), Object(Closure))
#31 C:\\Projects\\htdocs\\mto\\saferinputs\\saferinputs-api\\vendor\\laravel\\framework\\src\\Illuminate\\Routing\\Middleware\\SubstituteBindings.php(41): Illuminate\\Pipeline\\Pipeline->Illuminate\\Pipeline\\{closure}(Object(Illuminate\\Http\\Request))
#32 C:\\Projects\\htdocs\\mto\\saferinputs\\saferinputs-api\\vendor\\laravel\\framework\\src\\Illuminate\\Pipeline\\Pipeline.php(167): Illuminate\\Routing\\Middleware\\SubstituteBindings->handle(Object(Illuminate\\Http\\Request), Object(Closure))
#33 C:\\Projects\\htdocs\\mto\\saferinputs\\saferinputs-api\\vendor\\laravel\\framework\\src\\Illuminate\\Routing\\Middleware\\ThrottleRequests.php(59): Illuminate\\Pipeline\\Pipeline->Illuminate\\Pipeline\\{closure}(Object(Illuminate\\Http\\Request))
#34 C:\\Projects\\htdocs\\mto\\saferinputs\\saferinputs-api\\vendor\\laravel\\framework\\src\\Illuminate\\Pipeline\\Pipeline.php(167): Illuminate\\Routing\\Middleware\\ThrottleRequests->handle(Object(Illuminate\\Http\\Request), Object(Closure), 180, '1')
#35 C:\\Projects\\htdocs\\mto\\saferinputs\\saferinputs-api\\app\\Http\\Middleware\\Json.php(42): Illuminate\\Pipeline\\Pipeline->Illuminate\\Pipeline\\{closure}(Object(Illuminate\\Http\\Request))
#36 C:\\Projects\\htdocs\\mto\\saferinputs\\saferinputs-api\\vendor\\laravel\\framework\\src\\Illuminate\\Pipeline\\Pipeline.php(167): App\\Http\\Middleware\\Json->handle(Object(Illuminate\\Http\\Request), Object(Closure))
#37 C:\\Projects\\htdocs\\mto\\saferinputs\\saferinputs-api\\vendor\\laravel\\framework\\src\\Illuminate\\Pipeline\\Pipeline.php(103): Illuminate\\Pipeline\\Pipeline->Illuminate\\Pipeline\\{closure}(Object(Illuminate\\Http\\Request))
#38 C:\\Projects\\htdocs\\mto\\saferinputs\\saferinputs-api\\vendor\\laravel\\framework\\src\\Illuminate\\Routing\\Router.php(687): Illuminate\\Pipeline\\Pipeline->then(Object(Closure))
#39 C:\\Projects\\htdocs\\mto\\saferinputs\\saferinputs-api\\vendor\\laravel\\framework\\src\\Illuminate\\Routing\\Router.php(662): Illuminate\\Routing\\Router->runRouteWithinStack(Object(Illuminate\\Routing\\Route), Object(Illuminate\\Http\\Request))
#40 C:\\Projects\\htdocs\\mto\\saferinputs\\saferinputs-api\\vendor\\laravel\\framework\\src\\Illuminate\\Routing\\Router.php(628): Illuminate\\Routing\\Router->runRoute(Object(Illuminate\\Http\\Request), Object(Illuminate\\Routing\\Route))
#41 C:\\Projects\\htdocs\\mto\\saferinputs\\saferinputs-api\\vendor\\laravel\\framework\\src\\Illuminate\\Routing\\Router.php(617): Illuminate\\Routing\\Router->dispatchToRoute(Object(Illuminate\\Http\\Request))
#42 C:\\Projects\\htdocs\\mto\\saferinputs\\saferinputs-api\\vendor\\laravel\\framework\\src\\Illuminate\\Foundation\\Http\\Kernel.php(165): Illuminate\\Routing\\Router->dispatch(Object(Illuminate\\Http\\Request))
#43 C:\\Projects\\htdocs\\mto\\saferinputs\\saferinputs-api\\vendor\\laravel\\framework\\src\\Illuminate\\Pipeline\\Pipeline.php(128): Illuminate\\Foundation\\Http\\Kernel->Illuminate\\Foundation\\Http\\{closure}(Object(Illuminate\\Http\\Request))
#44 C:\\Projects\\htdocs\\mto\\saferinputs\\saferinputs-api\\vendor\\laravel\\framework\\src\\Illuminate\\Foundation\\Http\\Middleware\\TransformsRequest.php(21): Illuminate\\Pipeline\\Pipeline->Illuminate\\Pipeline\\{closure}(Object(Illuminate\\Http\\Request))
#45 C:\\Projects\\htdocs\\mto\\saferinputs\\saferinputs-api\\vendor\\laravel\\framework\\src\\Illuminate\\Pipeline\\Pipeline.php(167): Illuminate\\Foundation\\Http\\Middleware\\TransformsRequest->handle(Object(Illuminate\\Http\\Request), Object(Closure))
#46 C:\\Projects\\htdocs\\mto\\saferinputs\\saferinputs-api\\vendor\\laravel\\framework\\src\\Illuminate\\Foundation\\Http\\Middleware\\TransformsRequest.php(21): Illuminate\\Pipeline\\Pipeline->Illuminate\\Pipeline\\{closure}(Object(Illuminate\\Http\\Request))
#47 C:\\Projects\\htdocs\\mto\\saferinputs\\saferinputs-api\\vendor\\laravel\\framework\\src\\Illuminate\\Pipeline\\Pipeline.php(167): Illuminate\\Foundation\\Http\\Middleware\\TransformsRequest->handle(Object(Illuminate\\Http\\Request), Object(Closure))
#48 C:\\Projects\\htdocs\\mto\\saferinputs\\saferinputs-api\\vendor\\laravel\\framework\\src\\Illuminate\\Foundation\\Http\\Middleware\\ValidatePostSize.php(27): Illuminate\\Pipeline\\Pipeline->Illuminate\\Pipeline\\{closure}(Object(Illuminate\\Http\\Request))
#49 C:\\Projects\\htdocs\\mto\\saferinputs\\saferinputs-api\\vendor\\laravel\\framework\\src\\Illuminate\\Pipeline\\Pipeline.php(167): Illuminate\\Foundation\\Http\\Middleware\\ValidatePostSize->handle(Object(Illuminate\\Http\\Request), Object(Closure))
#50 C:\\Projects\\htdocs\\mto\\saferinputs\\saferinputs-api\\vendor\\laravel\\framework\\src\\Illuminate\\Foundation\\Http\\Middleware\\CheckForMaintenanceMode.php(63): Illuminate\\Pipeline\\Pipeline->Illuminate\\Pipeline\\{closure}(Object(Illuminate\\Http\\Request))
#51 C:\\Projects\\htdocs\\mto\\saferinputs\\saferinputs-api\\vendor\\laravel\\framework\\src\\Illuminate\\Pipeline\\Pipeline.php(167): Illuminate\\Foundation\\Http\\Middleware\\CheckForMaintenanceMode->handle(Object(Illuminate\\Http\\Request), Object(Closure))
#52 C:\\Projects\\htdocs\\mto\\saferinputs\\saferinputs-api\\vendor\\fruitcake\\laravel-cors\\src\\HandleCors.php(36): Illuminate\\Pipeline\\Pipeline->Illuminate\\Pipeline\\{closure}(Object(Illuminate\\Http\\Request))
#53 C:\\Projects\\htdocs\\mto\\saferinputs\\saferinputs-api\\vendor\\laravel\\framework\\src\\Illuminate\\Pipeline\\Pipeline.php(167): Fruitcake\\Cors\\HandleCors->handle(Object(Illuminate\\Http\\Request), Object(Closure))
#54 C:\\Projects\\htdocs\\mto\\saferinputs\\saferinputs-api\\vendor\\fideloper\\proxy\\src\\TrustProxies.php(57): Illuminate\\Pipeline\\Pipeline->Illuminate\\Pipeline\\{closure}(Object(Illuminate\\Http\\Request))
#55 C:\\Projects\\htdocs\\mto\\saferinputs\\saferinputs-api\\vendor\\laravel\\framework\\src\\Illuminate\\Pipeline\\Pipeline.php(167): Fideloper\\Proxy\\TrustProxies->handle(Object(Illuminate\\Http\\Request), Object(Closure))
#56 C:\\Projects\\htdocs\\mto\\saferinputs\\saferinputs-api\\vendor\\laravel\\framework\\src\\Illuminate\\Pipeline\\Pipeline.php(103): Illuminate\\Pipeline\\Pipeline->Illuminate\\Pipeline\\{closure}(Object(Illuminate\\Http\\Request))
#57 C:\\Projects\\htdocs\\mto\\saferinputs\\saferinputs-api\\vendor\\laravel\\framework\\src\\Illuminate\\Foundation\\Http\\Kernel.php(140): Illuminate\\Pipeline\\Pipeline->then(Object(Closure))
#58 C:\\Projects\\htdocs\\mto\\saferinputs\\saferinputs-api\\vendor\\laravel\\framework\\src\\Illuminate\\Foundation\\Http\\Kernel.php(109): Illuminate\\Foundation\\Http\\Kernel->sendRequestThroughRouter(Object(Illuminate\\Http\\Request))
#59 C:\\Projects\\htdocs\\mto\\saferinputs\\saferinputs-api\\public\\index.php(61): Illuminate\\Foundation\\Http\\Kernel->handle(Object(Illuminate\\Http\\Request))
#60 C:\\Projects\\htdocs\\mto\\saferinputs\\saferinputs-api\\server.php(20): require_once('C:\\\\Projects\\\\htd...')
#61 {main}

[previous exception] [object] (PDOException(code: 1049): SQLSTATE[HY000] [1049] Unknown database 'koan_saferinputssd' at C:\\Projects\\htdocs\\mto\\saferinputs\\saferinputs-api\\vendor\\doctrine\\dbal\\lib\\Doctrine\\DBAL\\Driver\\PDOConnection.php:27)
[stacktrace]
#0 C:\\Projects\\htdocs\\mto\\saferinputs\\saferinputs-api\\vendor\\doctrine\\dbal\\lib\\Doctrine\\DBAL\\Driver\\PDOConnection.php(27): PDO->__construct('mysql:host=127....', 'root', '', Array)
#1 C:\\Projects\\htdocs\\mto\\saferinputs\\saferinputs-api\\vendor\\laravel\\framework\\src\\Illuminate\\Database\\Connectors\\Connector.php(67): Doctrine\\DBAL\\Driver\\PDOConnection->__construct('mysql:host=127....', 'root', '', Array)
#2 C:\\Projects\\htdocs\\mto\\saferinputs\\saferinputs-api\\vendor\\laravel\\framework\\src\\Illuminate\\Database\\Connectors\\Connector.php(46): Illuminate\\Database\\Connectors\\Connector->createPdoConnection('mysql:host=127....', 'root', '', Array)
#3 C:\\Projects\\htdocs\\mto\\saferinputs\\saferinputs-api\\vendor\\laravel\\framework\\src\\Illuminate\\Database\\Connectors\\MySqlConnector.php(24): Illuminate\\Database\\Connectors\\Connector->createConnection('mysql:host=127....', Array, Array)
#4 C:\\Projects\\htdocs\\mto\\saferinputs\\saferinputs-api\\vendor\\laravel\\framework\\src\\Illuminate\\Database\\Connectors\\ConnectionFactory.php(182): Illuminate\\Database\\Connectors\\MySqlConnector->connect(Array)
#5 [internal function]: Illuminate\\Database\\Connectors\\ConnectionFactory->Illuminate\\Database\\Connectors\\{closure}()
#6 C:\\Projects\\htdocs\\mto\\saferinputs\\saferinputs-api\\vendor\\laravel\\framework\\src\\Illuminate\\Database\\Connection.php(926): call_user_func(Object(Closure))
#7 C:\\Projects\\htdocs\\mto\\saferinputs\\saferinputs-api\\vendor\\laravel\\framework\\src\\Illuminate\\Database\\Connection.php(961): Illuminate\\Database\\Connection->getPdo()
#8 C:\\Projects\\htdocs\\mto\\saferinputs\\saferinputs-api\\vendor\\laravel\\framework\\src\\Illuminate\\Database\\Connection.php(405): Illuminate\\Database\\Connection->getReadPdo()
#9 C:\\Projects\\htdocs\\mto\\saferinputs\\saferinputs-api\\vendor\\laravel\\framework\\src\\Illuminate\\Database\\Connection.php(331): Illuminate\\Database\\Connection->getPdoForSelect(true)
#10 C:\\Projects\\htdocs\\mto\\saferinputs\\saferinputs-api\\vendor\\laravel\\framework\\src\\Illuminate\\Database\\Connection.php(664): Illuminate\\Database\\Connection->Illuminate\\Database\\{closure}('select count(*)...', Array)
#11 C:\\Projects\\htdocs\\mto\\saferinputs\\saferinputs-api\\vendor\\laravel\\framework\\src\\Illuminate\\Database\\Connection.php(631): Illuminate\\Database\\Connection->runQueryCallback('select count(*)...', Array, Object(Closure))
#12 C:\\Projects\\htdocs\\mto\\saferinputs\\saferinputs-api\\vendor\\laravel\\framework\\src\\Illuminate\\Database\\Connection.php(339): Illuminate\\Database\\Connection->run('select count(*)...', Array, Object(Closure))
#13 C:\\Projects\\htdocs\\mto\\saferinputs\\saferinputs-api\\vendor\\laravel\\framework\\src\\Illuminate\\Database\\Query\\Builder.php(2178): Illuminate\\Database\\Connection->select('select count(*)...', Array, true)
#14 C:\\Projects\\htdocs\\mto\\saferinputs\\saferinputs-api\\vendor\\laravel\\framework\\src\\Illuminate\\Database\\Query\\Builder.php(2166): Illuminate\\Database\\Query\\Builder->runSelect()
#15 C:\\Projects\\htdocs\\mto\\saferinputs\\saferinputs-api\\vendor\\laravel\\framework\\src\\Illuminate\\Database\\Query\\Builder.php(2638): Illuminate\\Database\\Query\\Builder->Illuminate\\Database\\Query\\{closure}()
#16 C:\\Projects\\htdocs\\mto\\saferinputs\\saferinputs-api\\vendor\\laravel\\framework\\src\\Illuminate\\Database\\Query\\Builder.php(2167): Illuminate\\Database\\Query\\Builder->onceWithColumns(Array, Object(Closure))
#17 C:\\Projects\\htdocs\\mto\\saferinputs\\saferinputs-api\\vendor\\laravel\\framework\\src\\Illuminate\\Database\\Query\\Builder.php(2265): Illuminate\\Database\\Query\\Builder->get()
#18 C:\\Projects\\htdocs\\mto\\saferinputs\\saferinputs-api\\vendor\\laravel\\framework\\src\\Illuminate\\Database\\Query\\Builder.php(2236): Illuminate\\Database\\Query\\Builder->runPaginationCountQuery(Array)
#19 C:\\Projects\\htdocs\\mto\\saferinputs\\saferinputs-api\\vendor\\laravel\\framework\\src\\Illuminate\\Database\\Eloquent\\Builder.php(722): Illuminate\\Database\\Query\\Builder->getCountForPagination()
#20 C:\\Projects\\htdocs\\mto\\saferinputs\\saferinputs-api\\app\\Repositories\\PestsDiseaseWeedRepositoryMySqlImpl.php(339): Illuminate\\Database\\Eloquent\\Builder->paginate('18')
#21 C:\\Projects\\htdocs\\mto\\saferinputs\\saferinputs-api\\app\\Services\\PestsDiseaseWeedService.php(90): App\\Repositories\\PestsDiseaseWeedRepositoryMySqlImpl->summaryNames(Array)
#22 C:\\Projects\\htdocs\\mto\\saferinputs\\saferinputs-api\\app\\Http\\Controllers\\PestsDiseaseWeedController.php(267): App\\Services\\PestsDiseaseWeedService->summaryNames(Object(Illuminate\\Http\\Request))
#23 [internal function]: App\\Http\\Controllers\\PestsDiseaseWeedController->summaryNames(Object(Illuminate\\Http\\Request), 'thri')
#24 C:\\Projects\\htdocs\\mto\\saferinputs\\saferinputs-api\\vendor\\laravel\\framework\\src\\Illuminate\\Routing\\Controller.php(54): call_user_func_array(Array, Array)
#25 C:\\Projects\\htdocs\\mto\\saferinputs\\saferinputs-api\\vendor\\laravel\\framework\\src\\Illuminate\\Routing\\ControllerDispatcher.php(45): Illuminate\\Routing\\Controller->callAction('summaryNames', Array)
#26 C:\\Projects\\htdocs\\mto\\saferinputs\\saferinputs-api\\vendor\\laravel\\framework\\src\\Illuminate\\Routing\\Route.php(225): Illuminate\\Routing\\ControllerDispatcher->dispatch(Object(Illuminate\\Routing\\Route), Object(App\\Http\\Controllers\\PestsDiseaseWeedController), 'summaryNames')
#27 C:\\Projects\\htdocs\\mto\\saferinputs\\saferinputs-api\\vendor\\laravel\\framework\\src\\Illuminate\\Routing\\Route.php(182): Illuminate\\Routing\\Route->runController()
#28 C:\\Projects\\htdocs\\mto\\saferinputs\\saferinputs-api\\vendor\\laravel\\framework\\src\\Illuminate\\Routing\\Router.php(685): Illuminate\\Routing\\Route->run()
#29 C:\\Projects\\htdocs\\mto\\saferinputs\\saferinputs-api\\vendor\\laravel\\framework\\src\\Illuminate\\Pipeline\\Pipeline.php(128): Illuminate\\Routing\\Router->Illuminate\\Routing\\{closure}(Object(Illuminate\\Http\\Request))
#30 C:\\Projects\\htdocs\\mto\\saferinputs\\saferinputs-api\\vendor\\fruitcake\\laravel-cors\\src\\HandleCors.php(36): Illuminate\\Pipeline\\Pipeline->Illuminate\\Pipeline\\{closure}(Object(Illuminate\\Http\\Request))
#31 C:\\Projects\\htdocs\\mto\\saferinputs\\saferinputs-api\\vendor\\laravel\\framework\\src\\Illuminate\\Pipeline\\Pipeline.php(167): Fruitcake\\Cors\\HandleCors->handle(Object(Illuminate\\Http\\Request), Object(Closure))
#32 C:\\Projects\\htdocs\\mto\\saferinputs\\saferinputs-api\\vendor\\laravel\\framework\\src\\Illuminate\\Routing\\Middleware\\SubstituteBindings.php(41): Illuminate\\Pipeline\\Pipeline->Illuminate\\Pipeline\\{closure}(Object(Illuminate\\Http\\Request))
#33 C:\\Projects\\htdocs\\mto\\saferinputs\\saferinputs-api\\vendor\\laravel\\framework\\src\\Illuminate\\Pipeline\\Pipeline.php(167): Illuminate\\Routing\\Middleware\\SubstituteBindings->handle(Object(Illuminate\\Http\\Request), Object(Closure))
#34 C:\\Projects\\htdocs\\mto\\saferinputs\\saferinputs-api\\vendor\\laravel\\framework\\src\\Illuminate\\Routing\\Middleware\\ThrottleRequests.php(59): Illuminate\\Pipeline\\Pipeline->Illuminate\\Pipeline\\{closure}(Object(Illuminate\\Http\\Request))
#35 C:\\Projects\\htdocs\\mto\\saferinputs\\saferinputs-api\\vendor\\laravel\\framework\\src\\Illuminate\\Pipeline\\Pipeline.php(167): Illuminate\\Routing\\Middleware\\ThrottleRequests->handle(Object(Illuminate\\Http\\Request), Object(Closure), 180, '1')
#36 C:\\Projects\\htdocs\\mto\\saferinputs\\saferinputs-api\\app\\Http\\Middleware\\Json.php(42): Illuminate\\Pipeline\\Pipeline->Illuminate\\Pipeline\\{closure}(Object(Illuminate\\Http\\Request))
#37 C:\\Projects\\htdocs\\mto\\saferinputs\\saferinputs-api\\vendor\\laravel\\framework\\src\\Illuminate\\Pipeline\\Pipeline.php(167): App\\Http\\Middleware\\Json->handle(Object(Illuminate\\Http\\Request), Object(Closure))
#38 C:\\Projects\\htdocs\\mto\\saferinputs\\saferinputs-api\\vendor\\laravel\\framework\\src\\Illuminate\\Pipeline\\Pipeline.php(103): Illuminate\\Pipeline\\Pipeline->Illuminate\\Pipeline\\{closure}(Object(Illuminate\\Http\\Request))
#39 C:\\Projects\\htdocs\\mto\\saferinputs\\saferinputs-api\\vendor\\laravel\\framework\\src\\Illuminate\\Routing\\Router.php(687): Illuminate\\Pipeline\\Pipeline->then(Object(Closure))
#40 C:\\Projects\\htdocs\\mto\\saferinputs\\saferinputs-api\\vendor\\laravel\\framework\\src\\Illuminate\\Routing\\Router.php(662): Illuminate\\Routing\\Router->runRouteWithinStack(Object(Illuminate\\Routing\\Route), Object(Illuminate\\Http\\Request))
#41 C:\\Projects\\htdocs\\mto\\saferinputs\\saferinputs-api\\vendor\\laravel\\framework\\src\\Illuminate\\Routing\\Router.php(628): Illuminate\\Routing\\Router->runRoute(Object(Illuminate\\Http\\Request), Object(Illuminate\\Routing\\Route))
#42 C:\\Projects\\htdocs\\mto\\saferinputs\\saferinputs-api\\vendor\\laravel\\framework\\src\\Illuminate\\Routing\\Router.php(617): Illuminate\\Routing\\Router->dispatchToRoute(Object(Illuminate\\Http\\Request))
#43 C:\\Projects\\htdocs\\mto\\saferinputs\\saferinputs-api\\vendor\\laravel\\framework\\src\\Illuminate\\Foundation\\Http\\Kernel.php(165): Illuminate\\Routing\\Router->dispatch(Object(Illuminate\\Http\\Request))
#44 C:\\Projects\\htdocs\\mto\\saferinputs\\saferinputs-api\\vendor\\laravel\\framework\\src\\Illuminate\\Pipeline\\Pipeline.php(128): Illuminate\\Foundation\\Http\\Kernel->Illuminate\\Foundation\\Http\\{closure}(Object(Illuminate\\Http\\Request))
#45 C:\\Projects\\htdocs\\mto\\saferinputs\\saferinputs-api\\vendor\\laravel\\framework\\src\\Illuminate\\Foundation\\Http\\Middleware\\TransformsRequest.php(21): Illuminate\\Pipeline\\Pipeline->Illuminate\\Pipeline\\{closure}(Object(Illuminate\\Http\\Request))
#46 C:\\Projects\\htdocs\\mto\\saferinputs\\saferinputs-api\\vendor\\laravel\\framework\\src\\Illuminate\\Pipeline\\Pipeline.php(167): Illuminate\\Foundation\\Http\\Middleware\\TransformsRequest->handle(Object(Illuminate\\Http\\Request), Object(Closure))
#47 C:\\Projects\\htdocs\\mto\\saferinputs\\saferinputs-api\\vendor\\laravel\\framework\\src\\Illuminate\\Foundation\\Http\\Middleware\\TransformsRequest.php(21): Illuminate\\Pipeline\\Pipeline->Illuminate\\Pipeline\\{closure}(Object(Illuminate\\Http\\Request))
#48 C:\\Projects\\htdocs\\mto\\saferinputs\\saferinputs-api\\vendor\\laravel\\framework\\src\\Illuminate\\Pipeline\\Pipeline.php(167): Illuminate\\Foundation\\Http\\Middleware\\TransformsRequest->handle(Object(Illuminate\\Http\\Request), Object(Closure))
#49 C:\\Projects\\htdocs\\mto\\saferinputs\\saferinputs-api\\vendor\\laravel\\framework\\src\\Illuminate\\Foundation\\Http\\Middleware\\ValidatePostSize.php(27): Illuminate\\Pipeline\\Pipeline->Illuminate\\Pipeline\\{closure}(Object(Illuminate\\Http\\Request))
#50 C:\\Projects\\htdocs\\mto\\saferinputs\\saferinputs-api\\vendor\\laravel\\framework\\src\\Illuminate\\Pipeline\\Pipeline.php(167): Illuminate\\Foundation\\Http\\Middleware\\ValidatePostSize->handle(Object(Illuminate\\Http\\Request), Object(Closure))
#51 C:\\Projects\\htdocs\\mto\\saferinputs\\saferinputs-api\\vendor\\laravel\\framework\\src\\Illuminate\\Foundation\\Http\\Middleware\\CheckForMaintenanceMode.php(63): Illuminate\\Pipeline\\Pipeline->Illuminate\\Pipeline\\{closure}(Object(Illuminate\\Http\\Request))
#52 C:\\Projects\\htdocs\\mto\\saferinputs\\saferinputs-api\\vendor\\laravel\\framework\\src\\Illuminate\\Pipeline\\Pipeline.php(167): Illuminate\\Foundation\\Http\\Middleware\\CheckForMaintenanceMode->handle(Object(Illuminate\\Http\\Request), Object(Closure))
#53 C:\\Projects\\htdocs\\mto\\saferinputs\\saferinputs-api\\vendor\\fruitcake\\laravel-cors\\src\\HandleCors.php(36): Illuminate\\Pipeline\\Pipeline->Illuminate\\Pipeline\\{closure}(Object(Illuminate\\Http\\Request))
#54 C:\\Projects\\htdocs\\mto\\saferinputs\\saferinputs-api\\vendor\\laravel\\framework\\src\\Illuminate\\Pipeline\\Pipeline.php(167): Fruitcake\\Cors\\HandleCors->handle(Object(Illuminate\\Http\\Request), Object(Closure))
#55 C:\\Projects\\htdocs\\mto\\saferinputs\\saferinputs-api\\vendor\\fideloper\\proxy\\src\\TrustProxies.php(57): Illuminate\\Pipeline\\Pipeline->Illuminate\\Pipeline\\{closure}(Object(Illuminate\\Http\\Request))
#56 C:\\Projects\\htdocs\\mto\\saferinputs\\saferinputs-api\\vendor\\laravel\\framework\\src\\Illuminate\\Pipeline\\Pipeline.php(167): Fideloper\\Proxy\\TrustProxies->handle(Object(Illuminate\\Http\\Request), Object(Closure))
#57 C:\\Projects\\htdocs\\mto\\saferinputs\\saferinputs-api\\vendor\\laravel\\framework\\src\\Illuminate\\Pipeline\\Pipeline.php(103): Illuminate\\Pipeline\\Pipeline->Illuminate\\Pipeline\\{closure}(Object(Illuminate\\Http\\Request))
#58 C:\\Projects\\htdocs\\mto\\saferinputs\\saferinputs-api\\vendor\\laravel\\framework\\src\\Illuminate\\Foundation\\Http\\Kernel.php(140): Illuminate\\Pipeline\\Pipeline->then(Object(Closure))
#59 C:\\Projects\\htdocs\\mto\\saferinputs\\saferinputs-api\\vendor\\laravel\\framework\\src\\Illuminate\\Foundation\\Http\\Kernel.php(109): Illuminate\\Foundation\\Http\\Kernel->sendRequestThroughRouter(Object(Illuminate\\Http\\Request))
#60 C:\\Projects\\htdocs\\mto\\saferinputs\\saferinputs-api\\public\\index.php(61): Illuminate\\Foundation\\Http\\Kernel->handle(Object(Illuminate\\Http\\Request))
#61 C:\\Projects\\htdocs\\mto\\saferinputs\\saferinputs-api\\server.php(20): require_once('C:\\\\Projects\\\\htd...')
#62 {main}
"} 
